<?xml version="1.0" encoding="UTF-8"?>
<!-- Generated by org.testng.reporters.JUnitReportReporter -->
<testsuite skipped="0" hostname="PC320081" name="com.selenium.tests.TestAgentForm" tests="2" failures="0" timestamp="04 Dec 2017 10:12:40 GMT" time="8.323" errors="0">
  <testcase name="testInvalidEmailId" time="4.851" classname="com.selenium.tests.TestAgentForm"/>
  <testcase name="testBlankForPasswordAndEmail" time="3.472" classname="com.selenium.tests.TestAgentForm"/>
</testsuite> <!-- com.selenium.tests.TestAgentForm -->
