<?xml version="1.0" encoding="UTF-8"?>
<!-- Generated by org.testng.reporters.JUnitReportReporter -->
<testsuite skipped="0" hostname="PC320081" name="com.selenium.tests.TestDisplayPage" tests="1" failures="0" timestamp="04 Dec 2017 10:12:40 GMT" time="4.203" errors="0">
  <testcase name="testForValidAgent" time="4.203" classname="com.selenium.tests.TestDisplayPage"/>
</testsuite> <!-- com.selenium.tests.TestDisplayPage -->
