<?xml version="1.0" encoding="UTF-8"?>
<!-- Generated by org.testng.reporters.JUnitReportReporter -->
<testsuite skipped="0" hostname="PC320081" name="com.selenium.tests.xSetData" tests="1" failures="0" timestamp="29 Nov 2017 06:48:32 GMT" time="0.542" errors="0">
  <testcase name="f" time="0.542" classname="com.selenium.tests.xSetData"/>
</testsuite> <!-- com.selenium.tests.xSetData -->
