<?xml version="1.0" encoding="UTF-8"?>
<!-- Generated by org.testng.reporters.JUnitReportReporter -->
<testsuite skipped="0" hostname="RAVI-PC" name="com.selenium.tests.TestAgentForm" tests="2" failures="0" timestamp="16 Dec 2017 07:43:56 GMT" time="10.954" errors="0">
  <testcase name="testInvalidEmailId" time="7.403" classname="com.selenium.tests.TestAgentForm"/>
  <testcase name="testBlankForPasswordAndEmail" time="3.551" classname="com.selenium.tests.TestAgentForm"/>
</testsuite> <!-- com.selenium.tests.TestAgentForm -->
