<?xml version="1.0" encoding="UTF-8"?>
<!-- Generated by org.testng.reporters.JUnitReportReporter -->
<testsuite skipped="0" hostname="RAVI-PC" name="com.selenium.tests.TestDisplayPage" tests="1" failures="0" timestamp="16 Dec 2017 07:03:15 GMT" time="4.016" errors="0">
  <testcase name="testForValidAgent" time="4.016" classname="com.selenium.tests.TestDisplayPage"/>
</testsuite> <!-- com.selenium.tests.TestDisplayPage -->
